<?xml version="1.0" encoding="UTF-8"?>
<!-- Generated by org.testng.reporters.JUnitXMLReporter -->
<testsuite hostname="KedarKanchi" ignored="0" name="Default test(failed)" tests="1" failures="1" timestamp="17 Jul 2020 11:55:42 GMT" time="15.803" errors="0">
  <testcase name="eegpTest" time="3.404" classname="com.selenium.selenium.testing.testng.ExcelDataProvideClassMain">
    <failure type="org.testng.internal.reflect.MethodMatcherException" message="
Data provider mismatch
Method: eegpTest([Parameter{index=0, type=java.lang.String, declaredAnnotations=[]}])
Arguments: [(java.lang.String) M/s. Cruxbio Pvt Ltd,(java.lang.String) D2-(RG),(java.lang.String) dm.cruxbio@excise.com,(java.lang.String) guest]">
      <![CDATA[org.testng.internal.reflect.MethodMatcherException: 
Data provider mismatch
Method: eegpTest([Parameter{index=0, type=java.lang.String, declaredAnnotations=[]}])
Arguments: [(java.lang.String) M/s. Cruxbio Pvt Ltd,(java.lang.String) D2-(RG),(java.lang.String) dm.cruxbio@excise.com,(java.lang.String) guest]
... Removed 20 stack frames]]>
    </failure>
  </testcase> <!-- eegpTest -->
</testsuite> <!-- Default test(failed) -->
