<?xml version="1.0" encoding="UTF-8"?>
<testng-results skipped="0" failed="0" ignored="0" total="1" passed="1">
  <reporter-output>
  </reporter-output>
  <suite name="Default suite" duration-ms="47" started-at="2020-07-17T11:59:35Z" finished-at="2020-07-17T11:59:35Z">
    <groups>
    </groups>
    <test name="Default test" duration-ms="47" started-at="2020-07-17T11:59:35Z" finished-at="2020-07-17T11:59:35Z">
      <class name="com.selenium.selenium.testing.testng.NewTest">
        <test-method status="PASS" signature="f()[pri:0, instance:com.selenium.selenium.testing.testng.NewTest@77cd7a0]" name="f" duration-ms="11" started-at="2020-07-17T11:59:35Z" finished-at="2020-07-17T11:59:35Z">
          <reporter-output>
          </reporter-output>
        </test-method> <!-- f -->
      </class> <!-- com.selenium.selenium.testing.testng.NewTest -->
    </test> <!-- Default test -->
  </suite> <!-- Default suite -->
</testng-results>
