<?xml version="1.0" encoding="UTF-8"?>
<!-- Generated by org.testng.reporters.JUnitXMLReporter -->
<testsuite hostname="KedarKanchi" ignored="0" name="SeleniumTest" tests="2" failures="0" timestamp="11 Dec 2019 19:10:17 GMT" time="0.047" errors="0">
  <testcase name="@BeforeMethod beforeMethod" time="0.005" classname="com.selenium.selenium.testing.testng.EeGPTest">
    <failure type="java.lang.NullPointerException">
      <![CDATA[java.lang.NullPointerException
at com.selenium.selenium.testing.testng.LaunchNew.browser(LaunchNew.java:75)
at com.selenium.selenium.testing.testng.EeGPTest.beforeMethod(EeGPTest.java:20)
... Removed 28 stack frames]]>
    </failure>
  </testcase> <!-- @BeforeMethod beforeMethod -->
  <testcase name="@AfterMethod afterMethod" time="0.0" classname="com.selenium.selenium.testing.testng.EeGPTest">
    <skipped/>
  </testcase> <!-- @AfterMethod afterMethod -->
  <testcase name="@BeforeMethod beforeMethod" time="0.001" classname="com.selenium.selenium.testing.testng.AmazonTest">
    <failure type="java.lang.NullPointerException">
      <![CDATA[java.lang.NullPointerException
at com.selenium.selenium.testing.testng.LaunchNew.browser(LaunchNew.java:75)
at com.selenium.selenium.testing.testng.AmazonTest.beforeMethod(AmazonTest.java:19)
... Removed 28 stack frames]]>
    </failure>
  </testcase> <!-- @BeforeMethod beforeMethod -->
  <testcase name="@AfterMethod afterMethod" time="0.0" classname="com.selenium.selenium.testing.testng.AmazonTest">
    <skipped/>
  </testcase> <!-- @AfterMethod afterMethod -->
  <testcase name="searching" time="0.0" classname="com.selenium.selenium.testing.testng.EeGPTest">
    <skipped/>
  </testcase> <!-- searching -->
  <testcase name="amazonSearch" time="0.0" classname="com.selenium.selenium.testing.testng.AmazonTest">
    <skipped/>
  </testcase> <!-- amazonSearch -->
</testsuite> <!-- SeleniumTest -->
